<?xml version="1.0" encoding="UTF-8" ?>
<testsuite skipped="0" tests="5" failures="0" errors="0" name="com.github.kkckkc.syntaxpane.parse.AbstractCharProviderTest" time="0.004">
  <properties>
    <property value="IBM Corporation" name="java.vendor"/>
    <property value="local/magnus-laptop:@/tmp/.ICE-unix/4264,unix/magnus-laptop:/tmp/.ICE-unix/4264" name="env.SESSION_MANAGER"/>
    <property value="/home/magnus/.m2/repository" name="localRepository"/>
    <property value="SUN_STANDARD" name="sun.java.launcher"/>
    <property value="6874" name="env.PD_SOCKET"/>
    <property value="Linux" name="os.name"/>
    <property value="/usr/lib/j2sdk1.6-ibm/jre/lib/vm.jar:/usr/lib/j2sdk1.6-ibm/jre/lib/annotation.jar:/usr/lib/j2sdk1.6-ibm/jre/lib/beans.jar:/usr/lib/j2sdk1.6-ibm/jre/lib/java.util.jar:/usr/lib/j2sdk1.6-ibm/jre/lib/jndi.jar:/usr/lib/j2sdk1.6-ibm/jre/lib/logging.jar:/usr/lib/j2sdk1.6-ibm/jre/lib/security.jar:/usr/lib/j2sdk1.6-ibm/jre/lib/sql.jar:/usr/lib/j2sdk1.6-ibm/jre/lib/ibmorb.jar:/usr/lib/j2sdk1.6-ibm/jre/lib/ibmorbapi.jar:/usr/lib/j2sdk1.6-ibm/jre/lib/ibmcfw.jar:/usr/lib/j2sdk1.6-ibm/jre/lib/rt.jar:/usr/lib/j2sdk1.6-ibm/jre/lib/charsets.jar:/usr/lib/j2sdk1.6-ibm/jre/lib/resources.jar:/usr/lib/j2sdk1.6-ibm/jre/lib/ibmpkcs.jar:/usr/lib/j2sdk1.6-ibm/jre/lib/ibmcertpathfw.jar:/usr/lib/j2sdk1.6-ibm/jre/lib/ibmjgssfw.jar:/usr/lib/j2sdk1.6-ibm/jre/lib/ibmjssefw.jar:/usr/lib/j2sdk1.6-ibm/jre/lib/ibmsaslfw.jar:/usr/lib/j2sdk1.6-ibm/jre/lib/ibmjcefw.jar:/usr/lib/j2sdk1.6-ibm/jre/lib/ibmjgssprovider.jar:/usr/lib/j2sdk1.6-ibm/jre/lib/ibmjsseprovider2.jar:/usr/lib/j2sdk1.6-ibm/jre/lib/ibmcertpathprovider.jar:/usr/lib/j2sdk1.6-ibm/jre/lib/ibmxmlcrypto.jar:/usr/lib/j2sdk1.6-ibm/jre/lib/management-agent.jar:/usr/lib/j2sdk1.6-ibm/jre/lib/xml.jar:/usr/lib/j2sdk1.6-ibm/jre/lib/jlm.jar:/usr/lib/j2sdk1.6-ibm/jre/lib/javascript.jar" name="sun.boot.class.path"/>
    <property value="7d61b0842735d0a9f07808384b27b593-1268998196.821653-1810141629" name="env.XDG_SESSION_COOKIE"/>
    <property value="/home/magnus" name="env.PWD"/>
    <property value="gnome" name="sun.desktop"/>
    <property value="en_US.UTF-8" name="env.LANG"/>
    <property value="" name="sun.java2d.fontpath"/>
    <property value="Sun Microsystems Inc." name="java.vm.specification.vendor"/>
    <property value="pxi3260sr6-20090925_01 (SR6)" name="java.runtime.version"/>
    <property value=":0.0" name="env.DISPLAY"/>
    <property value="/usr/lib/j2sdk1.6-ibm/bin/java -Djdk.home=/usr/lib/j2sdk1.6-ibm -classpath /home/magnus/Applications/netbeans-6.8/platform11/lib/boot.jar:/home/magnus/Applications/netbeans-6.8/platform11/lib/org-openide-modules.jar:/home/magnus/Applications/netbeans-6.8/platform11/lib/org-openide-util.jar:/home/magnus/Applications/netbeans-6.8/platform11/lib/locale/boot_ja.jar:/home/magnus/Applications/netbeans-6.8/platform11/lib/locale/boot_pt_BR.jar:/home/magnus/Applications/netbeans-6.8/platform11/lib/locale/boot_zh_CN.jar:/home/magnus/Applications/netbeans-6.8/platform11/lib/locale/org-openide-modules_ja.jar:/home/magnus/Applications/netbeans-6.8/platform11/lib/locale/org-openide-modules_pt_BR.jar:/home/magnus/Applications/netbeans-6.8/platform11/lib/locale/org-openide-modules_zh_CN.jar:/home/magnus/Applications/netbeans-6.8/platform11/lib/locale/org-openide-util_ja.jar:/home/magnus/Applications/netbeans-6.8/platform11/lib/locale/org-openide-util_pt_BR.jar:/home/magnus/Applications/netbeans-6.8/platform11/lib/locale/org-openide-util_zh_CN.jar:/usr/lib/j2sdk1.6-ibm/lib/dt.jar:/usr/lib/j2sdk1.6-ibm/lib/tools.jar -Dnetbeans.system_http_proxy=DIRECT -Dnetbeans.system_http_non_proxy_hosts= -Dnetbeans.dirs=/home/magnus/Applications/netbeans-6.8/nb6.8:/home/magnus/Applications/netbeans-6.8/ergonomics2:/home/magnus/Applications/netbeans-6.8/ide12:/home/magnus/Applications/netbeans-6.8/java3:/home/magnus/Applications/netbeans-6.8/bin/../xml2:/home/magnus/Applications/netbeans-6.8/apisupport1:/home/magnus/Applications/netbeans-6.8/bin/../webcommon1:/home/magnus/Applications/netbeans-6.8/websvccommon1:/home/magnus/Applications/netbeans-6.8/enterprise6:/home/magnus/Applications/netbeans-6.8/mobility8:/home/magnus/Applications/netbeans-6.8/profiler3:/home/magnus/Applications/netbeans-6.8/ruby2:/home/magnus/Applications/netbeans-6.8/bin/../python1:/home/magnus/Applications/netbeans-6.8/php1:/home/magnus/Applications/netbeans-6.8/bin/../visualweb2:/home/magnus/Applications/netbeans-6.8/bin/../soa2:/home/magnus/Applications/netbeans-6.8/identity2:/home/magnus/Applications/netbeans-6.8/bin/../uml6:/home/magnus/Applications/netbeans-6.8/harness:/home/magnus/Applications/netbeans-6.8/cnd3:/home/magnus/Applications/netbeans-6.8/dlight2:/home/magnus/Applications/netbeans-6.8/groovy2:/home/magnus/Applications/netbeans-6.8/bin/../extra:/home/magnus/Applications/netbeans-6.8/javafx2:/home/magnus/Applications/netbeans-6.8/bin/../javacard1: -Dnetbeans.home=/home/magnus/Applications/netbeans-6.8/platform11 -Dnetbeans.importclass=org.netbeans.upgrade.AutoUpgrade -Dnetbeans.accept_license_class=org.netbeans.license.AcceptLicense -Xmx512m -Dorg.glassfish.v3ee6.installRoot=/home/magnus/Applications/sges-v3 -Xverify:none -Xss2m -Xms32m -XX:PermSize=32m -XX:MaxPermSize=200m -Dapple.laf.useScreenMenuBar=true -Dsun.java2d.noddraw=true -XX:+HeapDumpOnOutOfMemoryError -XX:HeapDumpPath=/home/magnus/.netbeans/6.8/var/log/heapdump.hprof org.netbeans.Main --userdir /home/magnus/.netbeans/6.8 --branding nb" name="env.IBM_JAVA_COMMAND_LINE"/>
    <property value="magnus" name="user.name"/>
    <property value="/usr/lib/j2sdk1.6-ibm/bin/java" name="env._"/>
    <property value="j9jit24" name="java.compiler"/>
    <property value="magnus" name="env.USER"/>
    <property value="/bin/bash" name="env.SHELL"/>
    <property value="/usr/share/gnome:/usr/local/share/:/usr/share/" name="env.XDG_DATA_DIRS"/>
    <property value="gnome" name="env.DESKTOP_SESSION"/>
    <property value="" name="com.ibm.util.extralibs.properties"/>
    <property value="usageStatisticsEnabled" name="nb.show.statistics.ui"/>
    <property value="" name="com.ibm.jcl.checkClassPath"/>
    <property value="/usr/local/sbin:/usr/local/bin:/usr/sbin:/usr/bin:/sbin:/bin:/usr/games:/home/magnus/sqllib/bin:/home/magnus/sqllib/adm:/home/magnus/sqllib/misc" name="env.PATH"/>
    <property value="en" name="user.language"/>
    <property value="/usr/lib/j2sdk1.6-ibm/jre/lib/i386" name="com.ibm.oti.vm.bootstrap.library.path"/>
    <property value="/usr/lib/j2sdk1.6-ibm/jre/lib/i386" name="sun.boot.library.path"/>
    <property value="1.6.0" name="java.version"/>
    <property value="Europe/Stockholm" name="user.timezone"/>
    <property value="unix:abstract=/tmp/dbus-3gOKBXeqX6,guid=1efe64e8c486fdaa3fb6c7064ba36035" name="env.DBUS_SESSION_BUS_ADDRESS"/>
    <property value="32" name="sun.arch.data.model"/>
    <property value="1" name="com.ibm.zero.version"/>
    <property value="4361" name="env.SSH_AGENT_PID"/>
    <property value="localhost|127.0.0.1|magnus-laptop" name="http.nonProxyHosts"/>
    <property value="/usr/lib/j2sdk1.6-ibm/jre/lib/endorsed" name="java.endorsed.dirs"/>
    <property value="24" name="com.ibm.oti.vm.library.version"/>
    <property value="en_GB.UTF-8" name="env.LC_PAPER"/>
    <property value="UTF-8" name="sun.jnu.encoding"/>
    <property value="1" name="env.SHLVL"/>
    <property value="15" name="jxe.current.romimage.version"/>
    <property value="/" name="file.separator"/>
    <property value="Java Platform API Specification" name="java.specification.name"/>
    <property value="gnome" name="env.GDMSESSION"/>
    <property value="this-is-deprecated" name="env.GNOME_DESKTOP_SESSION_ID"/>
    <property value="50.0" name="java.class.version"/>
    <property value="magnus" name="env.DB2INSTANCE"/>
    <property value="se" name="env.GDM_KEYBOARD_LAYOUT"/>
    <property value="4249" name="env.GNOME_KEYRING_PID"/>
    <property value="US" name="user.country"/>
    <property value="/home/magnus/.netbeans/6.8/var/cache/jna" name="jna.boot.library.path"/>
    <property value="/usr/lib/j2sdk1.6-ibm/jre" name="java.home"/>
    <property value="JRE 1.6.0 IBM J9 2.4 Linux x86-32 jvmxi3260sr6-20090923_42924 (JIT enabled, AOT enabled)
J9VM - 20090923_042924
JIT  - r9_20090902_1330ifx1
GC   - 20090817_AA" name="java.vm.info"/>
    <property value="magnus" name="env.LOGNAME"/>
    <property value="2.6.31-20-generic-pae" name="os.version"/>
    <property value="DIRECT" name="netbeans.system_http_proxy"/>
    <property value="localhost|127.0.0.1|magnus-laptop" name="https.nonProxyHosts"/>
    <property value="" name="java.awt.fonts"/>
    <property value=":" name="path.separator"/>
    <property value="2.4" name="java.vm.version"/>
    <property value="java.util.prefs.FileSystemPreferencesFactory" name="java.util.prefs.PreferencesFactory"/>
    <property value="" name="user.variant"/>
    <property value="sun.print.PSPrinterJob" name="java.awt.printerjob"/>
    <property value="UnicodeLittle" name="sun.io.unicode.encoding"/>
    <property value="10f63f92ca38db3043126899819765848000000042640005" name="env.DESKTOP_AUTOSTART_ID"/>
    <property value="true" name="ibm.signalhandling.sigint"/>
    <property value="ON" name="java.assistive"/>
    <property value="true" name="useJavaUtilZip"/>
    <property value="en_US.UTF-8" name="env.GDM_LANG"/>
    <property value="/home/magnus" name="user.home"/>
    <property value="little" name="com.ibm.cpu.endian"/>
    <property value="/home/magnus/sqllib/java/db2java.zip:/home/magnus/sqllib/java/db2jcc.jar:/home/magnus/sqllib/function:/home/magnus/sqllib/java/db2jcc_license_cu.jar:." name="env.CLASSPATH"/>
    <property value="Sun Microsystems Inc." name="java.specification.vendor"/>
    <property value="true" name="apple.laf.useScreenMenuBar"/>
    <property value="true" name="ibm.signalhandling.sigchain"/>
    <property value="org.apache.xerces.jaxp.SAXParserImpl$JAXPSAXParser" name="org.xml.sax.driver"/>
    <property value="/home/magnus/Applications/sges-v3" name="org.glassfish.v3ee6.installRoot"/>
    <property value="/usr/lib/j2sdk1.6-ibm/jre/lib/i386:/usr/lib" name="java.library.path"/>
    <property value="http://www.ibm.com/" name="java.vendor.url"/>
    <property value="IBM Corporation" name="java.vm.vendor"/>
    <property value="JRE 1.6.0 IBM J9 2.4 Linux x86-32 jvmxi3260sr6-20090923_42924 (JIT enabled, AOT enabled)
J9VM - 20090923_042924
JIT  - r9_20090902_1330ifx1
GC   - 20090817_AA" name="java.fullversion"/>
    <property value="Java(TM) SE Runtime Environment" name="java.runtime.name"/>
    <property value="org.netbeans.Main --userdir /home/magnus/.netbeans/6.8 --branding nb" name="sun.java.command"/>
    <property value="/home/magnus/Applications/netbeans-6.8/platform11/lib/boot.jar:/home/magnus/Applications/netbeans-6.8/platform11/lib/org-openide-modules.jar:/home/magnus/Applications/netbeans-6.8/platform11/lib/org-openide-util.jar:/home/magnus/Applications/netbeans-6.8/platform11/lib/locale/boot_ja.jar:/home/magnus/Applications/netbeans-6.8/platform11/lib/locale/boot_pt_BR.jar:/home/magnus/Applications/netbeans-6.8/platform11/lib/locale/boot_zh_CN.jar:/home/magnus/Applications/netbeans-6.8/platform11/lib/locale/org-openide-modules_ja.jar:/home/magnus/Applications/netbeans-6.8/platform11/lib/locale/org-openide-modules_pt_BR.jar:/home/magnus/Applications/netbeans-6.8/platform11/lib/locale/org-openide-modules_zh_CN.jar:/home/magnus/Applications/netbeans-6.8/platform11/lib/locale/org-openide-util_ja.jar:/home/magnus/Applications/netbeans-6.8/platform11/lib/locale/org-openide-util_pt_BR.jar:/home/magnus/Applications/netbeans-6.8/platform11/lib/locale/org-openide-util_zh_CN.jar:/usr/lib/j2sdk1.6-ibm/lib/dt.jar:/usr/lib/j2sdk1.6-ibm/lib/tools.jar" name="java.class.path"/>
    <property value="true" name="sun.java2d.noddraw"/>
    <property value="/usr/lib/j2sdk1.6-ibm" name="jdk.home"/>
    <property value="Java Virtual Machine Specification" name="java.vm.specification.name"/>
    <property value="6.2" name="org.openide.specification.version"/>
    <property value="18492" name="sun.java.launcher.pid"/>
    <property value="1.0" name="java.vm.specification.version"/>
    <property value="/etc/gtk/gtkrc:/home/magnus/.gtkrc-1.2-gnome2" name="env.GTK_RC_FILES"/>
    <property value="/home/magnus" name="env.HOME"/>
    <property value="/home/magnus/Documents/Private/projects/jsourceeditpane/workspaces/workspace/jsourcepad/syntaxpane/target/test-classes:/home/magnus/Documents/Private/projects/jsourceeditpane/workspaces/workspace/jsourcepad/syntaxpane/target/classes:/home/magnus/.m2/repository/junit/junit/3.8.1/junit-3.8.1.jar:/home/magnus/.m2/repository/org/jruby/joni/joni/1.1.3/joni-1.1.3.jar:/home/magnus/.m2/repository/org/jruby/jcodings/jcodings/1.0.1/jcodings-1.0.1.jar:" name="surefire.test.class.path"/>
    <property value="/tmp" name="java.io.tmpdir"/>
    <property value="/tmp/keyring-nzoCf5/socket.ssh" name="env.SSH_AUTH_SOCK"/>
    <property value="20090924_01" name="java.jcl.version"/>
    <property value="UTF-8" name="ibm.system.encoding"/>
    <property value="/usr/lib:/lib" name="jna.platform.library.path"/>
    <property value="x86" name="os.arch"/>
    <property value="sun.awt.X11GraphicsEnvironment" name="java.awt.graphicsenv"/>
    <property value="false" name="ibm.signalhandling.rs"/>
    <property value="/usr/lib/j2sdk1.6-ibm/jre/lib/ext" name="java.ext.dirs"/>
    <property value="/var/run/gdm/auth-for-magnus-z1kPjt/database" name="env.XAUTHORITY"/>
    <property value="/home/magnus/Documents/Private/projects/jsourceeditpane/workspaces/workspace/jsourcepad/syntaxpane" name="user.dir"/>
    <property value="7560" name="env.SPEECHD_PORT"/>
    <property value="shared" name="env.J2D_PIXMAPS"/>
    <property value="canberra-gtk-module" name="env.GTK_MODULES"/>
    <property value="
" name="line.separator"/>
    <property value="IBM J9 VM" name="java.vm.name"/>
    <property value="false" name="com.ibm.oti.shared.enabled"/>
    <property value="32" name="com.ibm.vm.bitmode"/>
    <property value="/home/magnus/Documents/Private/projects/jsourceeditpane/workspaces/workspace/jsourcepad/syntaxpane" name="basedir"/>
    <property value="true" name="maven.mode.standalone"/>
    <property value="/tmp/orbit-magnus" name="env.ORBIT_SOCKETDIR"/>
    <property value="magnus" name="env.USERNAME"/>
    <property value="15" name="jxe.lowest.romimage.version"/>
    <property value="/tmp/keyring-nzoCf5/socket" name="env.GNOME_KEYRING_SOCKET"/>
    <property value="UTF-8" name="file.encoding"/>
    <property value="true" name="netbeans.execution"/>
    <property value="" name="netbeans.system_http_non_proxy_hosts"/>
    <property value="" name="env.PDHOST"/>
    <property value="20090903_1057" name="com.ibm.oti.jcl.build"/>
    <property value="1.6" name="java.specification.version"/>
    <property value="scar" name="com.ibm.oti.configuration"/>
  </properties>
  <testcase classname="com.github.kkckkc.syntaxpane.parse.AbstractCharProviderTest" name="testFindNotFound" time="0.002"/>
  <testcase classname="com.github.kkckkc.syntaxpane.parse.AbstractCharProviderTest" name="testFindNotFoundShortString" time="0"/>
  <testcase classname="com.github.kkckkc.syntaxpane.parse.AbstractCharProviderTest" name="testFindNotFoundEmptyString" time="0"/>
  <testcase classname="com.github.kkckkc.syntaxpane.parse.AbstractCharProviderTest" name="testFindFirst" time="0"/>
  <testcase classname="com.github.kkckkc.syntaxpane.parse.AbstractCharProviderTest" name="testFindLast" time="0"/>
</testsuite>